<?xml version="1.0" encoding="UTF-8"?>
<testng-results ignored="0" total="1" passed="1" failed="0" skipped="0">
  <reporter-output>
  </reporter-output>
  <suite started-at="2023-11-22T21:50:38 CET" name="Suite" finished-at="2023-11-22T21:50:44 CET" duration-ms="6018">
    <groups>
    </groups>
    <test started-at="2023-11-22T21:50:38 CET" name="Test" finished-at="2023-11-22T21:50:44 CET" duration-ms="6018">
      <class name="com.todo.tests.AddTodoTest">
        <test-method is-config="true" signature="setupTest(java.lang.String)[pri:0, instance:com.todo.tests.AddTodoTest@7b2bbc3]" started-at="2023-11-22T21:50:38 CET" name="setupTest" finished-at="2023-11-22T21:50:42 CET" duration-ms="4672" status="PASS">
          <params>
            <param index="0">
              <value>
                <![CDATA[chrome]]>
              </value>
            </param>
          </params>
          <reporter-output>
          </reporter-output>
        </test-method> <!-- setupTest -->
        <test-method signature="iCanAddTodo()[pri:1, instance:com.todo.tests.AddTodoTest@7b2bbc3]" started-at="2023-11-22T21:50:42 CET" name="iCanAddTodo" finished-at="2023-11-22T21:50:43 CET" duration-ms="788" status="PASS">
          <reporter-output>
          </reporter-output>
        </test-method> <!-- iCanAddTodo -->
        <test-method is-config="true" signature="cleanTest()[pri:0, instance:com.todo.tests.AddTodoTest@7b2bbc3]" started-at="2023-11-22T21:50:43 CET" name="cleanTest" finished-at="2023-11-22T21:50:44 CET" duration-ms="480" status="PASS">
          <reporter-output>
          </reporter-output>
        </test-method> <!-- cleanTest -->
      </class> <!-- com.todo.tests.AddTodoTest -->
    </test> <!-- Test -->
  </suite> <!-- Suite -->
</testng-results>
